sfml-system-s-d.lib(String.cpp.obj) : error LNK2038: mismatch detected for '_MSC_VER': value '1700' doesn't match value '1900' in camera.obj
sfml-window-s-d.lib(VideoMode.cpp.obj) : error LNK2038: mismatch detected for '_MSC_VER': value '1700' doesn't match value '1900' in camera.obj
sfml-window-s-d.lib(Window.cpp.obj) : error LNK2038: mismatch detected for '_MSC_VER': value '1700' doesn't match value '1900' in camera.obj
sfml-window-s-d.lib(VideoModeImpl.cpp.obj) : error LNK2038: mismatch detected for '_MSC_VER': value '1700' doesn't match value '1900' in camera.obj
sfml-window-s-d.lib(GlContext.cpp.obj) : error LNK2038: mismatch detected for '_MSC_VER': value '1700' doesn't match value '1900' in camera.obj
sfml-window-s-d.lib(WindowImpl.cpp.obj) : error LNK2038: mismatch detected for '_MSC_VER': value '1700' doesn't match value '1900' in camera.obj
sfml-window-s-d.lib(WglContext.cpp.obj) : error LNK2038: mismatch detected for '_MSC_VER': value '1700' doesn't match value '1900' in camera.obj
sfml-window-s-d.lib(JoystickManager.cpp.obj) : error LNK2038: mismatch detected for '_MSC_VER': value '1700' doesn't match value '1900' in camera.obj
sfml-window-s-d.lib(WindowImplWin32.cpp.obj) : error LNK2038: mismatch detected for '_MSC_VER': value '1700' doesn't match value '1900' in camera.obj
sfml-window-s-d.lib(JoystickImpl.cpp.obj) : error LNK2038: mismatch detected for '_MSC_VER': value '1700' doesn't match value '1900' in camera.obj
sfml-system-s-d.lib(Err.cpp.obj) : error LNK2038: mismatch detected for '_MSC_VER': value '1700' doesn't match value '1900' in camera.obj
sfml-system-s-d.lib(ThreadLocal.cpp.obj) : error LNK2038: mismatch detected for '_MSC_VER': value '1700' doesn't match value '1900' in camera.obj
sfml-system-s-d.lib(Err.cpp.obj) : warning LNK4049: locally defined symbol ??0_Container_base12@std@@QAE@XZ (public: __thiscall std::_Container_base12::_Container_base12(void)) imported
sfml-window-s-d.lib(GlContext.cpp.obj) : warning LNK4049: locally defined symbol ??0_Container_base12@std@@QAE@XZ (public: __thiscall std::_Container_base12::_Container_base12(void)) imported
sfml-window-s-d.lib(WindowImpl.cpp.obj) : warning LNK4049: locally defined symbol ??0_Container_base12@std@@QAE@XZ (public: __thiscall std::_Container_base12::_Container_base12(void)) imported
sfml-window-s-d.lib(WglContext.cpp.obj) : warning LNK4049: locally defined symbol ??0_Container_base12@std@@QAE@XZ (public: __thiscall std::_Container_base12::_Container_base12(void)) imported
sfml-window-s-d.lib(WindowImplWin32.cpp.obj) : warning LNK4049: locally defined symbol ??0_Container_base12@std@@QAE@XZ (public: __thiscall std::_Container_base12::_Container_base12(void)) imported
sfml-system-s-d.lib(String.cpp.obj) : warning LNK4217: locally defined symbol ??0_Container_base12@std@@QAE@XZ (public: __thiscall std::_Container_base12::_Container_base12(void)) imported in function "public: __thiscall std::_String_val<struct std::_Simple_types<char> >::_String_val<struct std::_Simple_types<char> >(void)" (??0?$_String_val@U?$_Simple_types@D@std@@@std@@QAE@XZ)
sfml-window-s-d.lib(VideoMode.cpp.obj) : warning LNK4049: locally defined symbol ??0_Container_base12@std@@QAE@XZ (public: __thiscall std::_Container_base12::_Container_base12(void)) imported
sfml-window-s-d.lib(Window.cpp.obj) : warning LNK4049: locally defined symbol ??0_Container_base12@std@@QAE@XZ (public: __thiscall std::_Container_base12::_Container_base12(void)) imported
sfml-window-s-d.lib(VideoModeImpl.cpp.obj) : warning LNK4049: locally defined symbol ??0_Container_base12@std@@QAE@XZ (public: __thiscall std::_Container_base12::_Container_base12(void)) imported
sfml-system-s-d.lib(Err.cpp.obj) : warning LNK4049: locally defined symbol ??1_Container_base12@std@@QAE@XZ (public: __thiscall std::_Container_base12::~_Container_base12(void)) imported
sfml-window-s-d.lib(GlContext.cpp.obj) : warning LNK4049: locally defined symbol ??1_Container_base12@std@@QAE@XZ (public: __thiscall std::_Container_base12::~_Container_base12(void)) imported
sfml-window-s-d.lib(WindowImpl.cpp.obj) : warning LNK4049: locally defined symbol ??1_Container_base12@std@@QAE@XZ (public: __thiscall std::_Container_base12::~_Container_base12(void)) imported
sfml-window-s-d.lib(WglContext.cpp.obj) : warning LNK4049: locally defined symbol ??1_Container_base12@std@@QAE@XZ (public: __thiscall std::_Container_base12::~_Container_base12(void)) imported
sfml-window-s-d.lib(WindowImplWin32.cpp.obj) : warning LNK4217: locally defined symbol ??1_Container_base12@std@@QAE@XZ (public: __thiscall std::_Container_base12::~_Container_base12(void)) imported in function __unwindfunclet$??4_Iterator_base12@std@@QAEAAU01@ABU01@@Z$0
sfml-system-s-d.lib(String.cpp.obj) : warning LNK4217: locally defined symbol ??1_Container_base12@std@@QAE@XZ (public: __thiscall std::_Container_base12::~_Container_base12(void)) imported in function "public: __thiscall std::_String_val<struct std::_Simple_types<char> >::~_String_val<struct std::_Simple_types<char> >(void)" (??1?$_String_val@U?$_Simple_types@D@std@@@std@@QAE@XZ)
sfml-window-s-d.lib(VideoMode.cpp.obj) : warning LNK4049: locally defined symbol ??1_Container_base12@std@@QAE@XZ (public: __thiscall std::_Container_base12::~_Container_base12(void)) imported
sfml-window-s-d.lib(Window.cpp.obj) : warning LNK4049: locally defined symbol ??1_Container_base12@std@@QAE@XZ (public: __thiscall std::_Container_base12::~_Container_base12(void)) imported
sfml-window-s-d.lib(VideoModeImpl.cpp.obj) : warning LNK4049: locally defined symbol ??1_Container_base12@std@@QAE@XZ (public: __thiscall std::_Container_base12::~_Container_base12(void)) imported
sfml-system-s-d.lib(Err.cpp.obj) : warning LNK4049: locally defined symbol ?_Orphan_all@_Container_base12@std@@QAEXXZ (public: void __thiscall std::_Container_base12::_Orphan_all(void)) imported
sfml-window-s-d.lib(GlContext.cpp.obj) : warning LNK4049: locally defined symbol ?_Orphan_all@_Container_base12@std@@QAEXXZ (public: void __thiscall std::_Container_base12::_Orphan_all(void)) imported
sfml-window-s-d.lib(WindowImpl.cpp.obj) : warning LNK4049: locally defined symbol ?_Orphan_all@_Container_base12@std@@QAEXXZ (public: void __thiscall std::_Container_base12::_Orphan_all(void)) imported
sfml-window-s-d.lib(WglContext.cpp.obj) : warning LNK4049: locally defined symbol ?_Orphan_all@_Container_base12@std@@QAEXXZ (public: void __thiscall std::_Container_base12::_Orphan_all(void)) imported
sfml-window-s-d.lib(WindowImplWin32.cpp.obj) : warning LNK4049: locally defined symbol ?_Orphan_all@_Container_base12@std@@QAEXXZ (public: void __thiscall std::_Container_base12::_Orphan_all(void)) imported
sfml-system-s-d.lib(String.cpp.obj) : warning LNK4217: locally defined symbol ?_Orphan_all@_Container_base12@std@@QAEXXZ (public: void __thiscall std::_Container_base12::_Orphan_all(void)) imported in function "public: void __thiscall std::_String_alloc<0,struct std::_String_base_types<char,class std::allocator<char> > >::_Free_proxy(void)" (?_Free_proxy@?$_String_alloc@$0A@U?$_String_base_types@DV?$allocator@D@std@@@std@@@std@@QAEXXZ)
sfml-window-s-d.lib(VideoMode.cpp.obj) : warning LNK4049: locally defined symbol ?_Orphan_all@_Container_base12@std@@QAEXXZ (public: void __thiscall std::_Container_base12::_Orphan_all(void)) imported
sfml-window-s-d.lib(Window.cpp.obj) : warning LNK4049: locally defined symbol ?_Orphan_all@_Container_base12@std@@QAEXXZ (public: void __thiscall std::_Container_base12::_Orphan_all(void)) imported
sfml-window-s-d.lib(VideoModeImpl.cpp.obj) : warning LNK4049: locally defined symbol ?_Orphan_all@_Container_base12@std@@QAEXXZ (public: void __thiscall std::_Container_base12::_Orphan_all(void)) imported
sfml-window-s-d.lib(WindowImplWin32.cpp.obj) : warning LNK4049: locally defined symbol ?_Getpfirst@_Container_base12@std@@QBEPAPAU_Iterator_base12@2@XZ (public: struct std::_Iterator_base12 * * __thiscall std::_Container_base12::_Getpfirst(void)const ) imported
sfml-window-s-d.lib(VideoMode.cpp.obj) : warning LNK4217: locally defined symbol ?_Getpfirst@_Container_base12@std@@QBEPAPAU_Iterator_base12@2@XZ (public: struct std::_Iterator_base12 * * __thiscall std::_Container_base12::_Getpfirst(void)const ) imported in function "protected: void __thiscall std::vector<class sf::VideoMode,class std::allocator<class sf::VideoMode> >::_Orphan_range(class sf::VideoMode *,class sf::VideoMode *)const " (?_Orphan_range@?$vector@VVideoMode@sf@@V?$allocator@VVideoMode@sf@@@std@@@std@@IBEXPAVVideoMode@sf@@0@Z)
sfml-window-s-d.lib(VideoModeImpl.cpp.obj) : warning LNK4049: locally defined symbol ?_Getpfirst@_Container_base12@std@@QBEPAPAU_Iterator_base12@2@XZ (public: struct std::_Iterator_base12 * * __thiscall std::_Container_base12::_Getpfirst(void)const ) imported
sfml-window-s-d.lib(GlContext.cpp.obj) : warning LNK4049: locally defined symbol ?_Getpfirst@_Container_base12@std@@QBEPAPAU_Iterator_base12@2@XZ (public: struct std::_Iterator_base12 * * __thiscall std::_Container_base12::_Getpfirst(void)const ) imported
sfml-window-s-d.lib(WindowImpl.cpp.obj) : warning LNK4049: locally defined symbol ?_Getpfirst@_Container_base12@std@@QBEPAPAU_Iterator_base12@2@XZ (public: struct std::_Iterator_base12 * * __thiscall std::_Container_base12::_Getpfirst(void)const ) imported
sfml-system-s-d.lib(String.cpp.obj) : error LNK2019: unresolved external symbol "__declspec(dllimport) public: __thiscall std::bad_cast::bad_cast(char const *)" (__imp_??0bad_cast@std@@QAE@PBD@Z) referenced in function "class std::ctype<wchar_t> const & __cdecl std::use_facet<class std::ctype<wchar_t> >(class std::locale const &)" (??$use_facet@V?$ctype@_W@std@@@std@@YAABV?$ctype@_W@0@ABVlocale@0@@Z)
sfml-window-s-d.lib(WindowImplWin32.cpp.obj) : error LNK2001: unresolved external symbol "__declspec(dllimport) char const * __cdecl std::_Winerror_map(int)" (__imp_?_Winerror_map@std@@YAPBDH@Z)
sfml-system-s-d.lib(Err.cpp.obj) : error LNK2001: unresolved external symbol "__declspec(dllimport) char const * __cdecl std::_Winerror_map(int)" (__imp_?_Winerror_map@std@@YAPBDH@Z)
sfml-system-s-d.lib(String.cpp.obj) : error LNK2001: unresolved external symbol "__declspec(dllimport) char const * __cdecl std::_Winerror_map(int)" (__imp_?_Winerror_map@std@@YAPBDH@Z)
sfml-window-s-d.lib(Window.cpp.obj) : error LNK2001: unresolved external symbol "__declspec(dllimport) char const * __cdecl std::_Winerror_map(int)" (__imp_?_Winerror_map@std@@YAPBDH@Z)
sfml-window-s-d.lib(WindowImpl.cpp.obj) : error LNK2001: unresolved external symbol "__declspec(dllimport) char const * __cdecl std::_Winerror_map(int)" (__imp_?_Winerror_map@std@@YAPBDH@Z)
sfml-window-s-d.lib(WglContext.cpp.obj) : error LNK2001: unresolved external symbol "__declspec(dllimport) char const * __cdecl std::_Winerror_map(int)" (__imp_?_Winerror_map@std@@YAPBDH@Z)
sfml-window-s-d.lib(VideoMode.cpp.obj) : error LNK2019: unresolved external symbol "__declspec(dllimport) public: void __thiscall std::_Container_base12::_Swap_all(struct std::_Container_base12 &)" (__imp_?_Swap_all@_Container_base12@std@@QAEXAAU12@@Z) referenced in function "public: void __thiscall std::vector<class sf::VideoMode,class std::allocator<class sf::VideoMode> >::_Assign_rv(class std::vector<class sf::VideoMode,class std::allocator<class sf::VideoMode> > &&)" (?_Assign_rv@?$vector@VVideoMode@sf@@V?$allocator@VVideoMode@sf@@@std@@@std@@QAEX$$QAV12@@Z)
sfml-window-s-d.lib(VideoModeImpl.cpp.obj) : error LNK2001: unresolved external symbol "__declspec(dllimport) public: void __thiscall std::_Container_base12::_Swap_all(struct std::_Container_base12 &)" (__imp_?_Swap_all@_Container_base12@std@@QAEXAAU12@@Z)
sfml-window-s-d.lib(Window.cpp.obj) : error LNK2019: unresolved external symbol "__declspec(dllimport) class std::basic_ostream<char,struct std::char_traits<char> > & __cdecl std::endl(class std::basic_ostream<char,struct std::char_traits<char> > &)" (__imp_?endl@std@@YAAAV?$basic_ostream@DU?$char_traits@D@std@@@1@AAV21@@Z) referenced in function "public: void __thiscall sf::Window::create(class sf::VideoMode,class sf::String const &,unsigned int,struct sf::ContextSettings const &)" (?create@Window@sf@@QAEXVVideoMode@2@ABVString@2@IABUContextSettings@2@@Z)
sfml-window-s-d.lib(WglContext.cpp.obj) : error LNK2001: unresolved external symbol "__declspec(dllimport) class std::basic_ostream<char,struct std::char_traits<char> > & __cdecl std::endl(class std::basic_ostream<char,struct std::char_traits<char> > &)" (__imp_?endl@std@@YAAAV?$basic_ostream@DU?$char_traits@D@std@@@1@AAV21@@Z)
sfml-window-s-d.lib(WindowImplWin32.cpp.obj) : error LNK2001: unresolved external symbol "__declspec(dllimport) class std::basic_ostream<char,struct std::char_traits<char> > & __cdecl std::endl(class std::basic_ostream<char,struct std::char_traits<char> > &)" (__imp_?endl@std@@YAAAV?$basic_ostream@DU?$char_traits@D@std@@@1@AAV21@@Z)
sfml-system-s-d.lib(Err.cpp.obj) : error LNK2019: unresolved external symbol __imp____iob_func referenced in function "private: virtual int __thiscall `anonymous namespace'::DefaultErrStreamBuf::sync(void)" (?sync@DefaultErrStreamBuf@?A0xf98eeaf1@@EAEHXZ)
sfml-system-s-d.lib(Err.cpp.obj) : error LNK2001: unresolved external symbol "protected: virtual class std::fpos<int> __thiscall std::basic_streambuf<char,struct std::char_traits<char> >::seekoff(__int64,int,int)" (?seekoff@?$basic_streambuf@DU?$char_traits@D@std@@@std@@MAE?AV?$fpos@H@2@_JHH@Z)
sfml-system-s-d.lib(Err.cpp.obj) : error LNK2001: unresolved external symbol "protected: virtual class std::fpos<int> __thiscall std::basic_streambuf<char,struct std::char_traits<char> >::seekpos(class std::fpos<int>,int)" (?seekpos@?$basic_streambuf@DU?$char_traits@D@std@@@std@@MAE?AV?$fpos@H@2@V32@H@Z)
H:\Documents\OpenGL\COURSEWORK\openglex-18\Debug\openglex-18.exe : fatal error LNK1120: 7 unresolved externals
